#
# There is insufficient memory for the Java Runtime Environment to continue.
# Native memory allocation (mmap) failed to map 71303168 bytes for committing reserved memory.
# Possible reasons:
#   The system is out of physical RAM or swap space
#   In 32 bit mode, the process size limit was hit
# Possible solutions:
#   Reduce memory load on the system
#   Increase physical memory or swap space
#   Check if swap backing store is full
#   Use 64 bit Java on a 64 bit OS
#   Decrease Java heap size (-Xmx/-Xms)
#   Decrease number of Java threads
#   Decrease Java thread stack sizes (-Xss)
#   Set larger code cache with -XX:ReservedCodeCacheSize=
# This output file may be truncated or incomplete.
#
#  Out of Memory Error (os_linux.cpp:2640), pid=25388, tid=0x00007f08bed1c700
#
# JRE version: Java(TM) SE Runtime Environment (8.0_144-b01) (build 1.8.0_144-b01)
# Java VM: Java HotSpot(TM) 64-Bit Server VM (25.144-b01 mixed mode linux-amd64 compressed oops)
# Failed to write core dump. Core dumps have been disabled. To enable core dumping, try "ulimit -c unlimited" before starting Java again
#

---------------  T H R E A D  ---------------

Current thread (0x00007f08d4078800):  VMThread [stack: 0x00007f08bec1c000,0x00007f08bed1d000] [id=25397]

Stack: [0x00007f08bec1c000,0x00007f08bed1d000],  sp=0x00007f08bed1b020,  free space=1020k
Native frames: (J=compiled Java code, j=interpreted, Vv=VM code, C=native code)
V  [libjvm.so+0xacb18a]  VMError::report_and_die()+0x2ba
V  [libjvm.so+0x4ff4db]  report_vm_out_of_memory(char const*, int, unsigned long, VMErrorType, char const*)+0x8b
V  [libjvm.so+0x927d23]  os::Linux::commit_memory_impl(char*, unsigned long, bool)+0x103
V  [libjvm.so+0x928279]  os::pd_commit_memory(char*, unsigned long, unsigned long, bool)+0x29
V  [libjvm.so+0x92249a]  os::commit_memory(char*, unsigned long, unsigned long, bool)+0x2a
V  [libjvm.so+0x996ff3]  PSVirtualSpace::expand_by(unsigned long)+0x53
V  [libjvm.so+0x9983f8]  PSYoungGen::resize_generation(unsigned long, unsigned long)+0xf8
V  [libjvm.so+0x997552]  PSYoungGen::resize(unsigned long, unsigned long)+0x22
V  [libjvm.so+0x99482b]  PSScavenge::invoke_no_policy()+0xf3b
V  [libjvm.so+0x994fb1]  PSScavenge::invoke()+0x41
V  [libjvm.so+0x94bce0]  ParallelScavengeHeap::failed_mem_allocate(unsigned long)+0x70
V  [libjvm.so+0xaccba7]  VM_ParallelGCFailedAllocation::doit()+0x97
V  [libjvm.so+0xad4685]  VM_Operation::evaluate()+0x55
V  [libjvm.so+0xad2a5a]  VMThread::evaluate_operation(VM_Operation*)+0xba
V  [libjvm.so+0xad2dde]  VMThread::loop()+0x1ce
V  [libjvm.so+0xad3250]  VMThread::run()+0x70
V  [libjvm.so+0x92a338]  java_start(Thread*)+0x108

VM_Operation (0x00007f08db91fc50): ParallelGCFailedAllocation, mode: safepoint, requested by thread 0x00007f08d400e800


---------------  P R O C E S S  ---------------

Java Threads: ( => current thread )
  0x00007f08d40be800 JavaThread "Service Thread" daemon [_thread_blocked, id=25403, stack(0x00007f08be47e000,0x00007f08be57f000)]
  0x00007f08d40bc000 JavaThread "C1 CompilerThread1" daemon [_thread_blocked, id=25402, stack(0x00007f08be57f000,0x00007f08be680000)]
  0x00007f08d40b9000 JavaThread "C2 CompilerThread0" daemon [_thread_blocked, id=25401, stack(0x00007f08be680000,0x00007f08be781000)]
  0x00007f08d40b7800 JavaThread "Signal Dispatcher" daemon [_thread_blocked, id=25400, stack(0x00007f08be781000,0x00007f08be882000)]
  0x00007f08d4084800 JavaThread "Finalizer" daemon [_thread_blocked, id=25399, stack(0x00007f08bea1a000,0x00007f08beb1b000)]
  0x00007f08d4080000 JavaThread "Reference Handler" daemon [_thread_blocked, id=25398, stack(0x00007f08beb1b000,0x00007f08bec1c000)]
  0x00007f08d400e800 JavaThread "main" [_thread_blocked, id=25391, stack(0x00007f08db82b000,0x00007f08db92c000)]

Other Threads:
=>0x00007f08d4078800 VMThread [stack: 0x00007f08bec1c000,0x00007f08bed1d000] [id=25397]
  0x00007f08d40c1800 WatcherThread [stack: 0x00007f08be37d000,0x00007f08be47e000] [id=25404]

VM state:at safepoint (normal execution)

VM Mutex/Monitor currently owned by a thread:  ([mutex/lock_event])
[0x00007f08d400aff0] Threads_lock - owner thread: 0x00007f08d4078800
[0x00007f08d400b4f0] Heap_lock - owner thread: 0x00007f08d400e800

Heap:
 PSYoungGen      total 73728K, used 2827K [0x00000000f5900000, 0x00000000fa500000, 0x0000000100000000)
  eden space 69632K, 0% used [0x00000000f5900000,0x00000000f5900000,0x00000000f9d00000)
  from space 4096K, 69% used [0x00000000f9d00000,0x00000000f9fc2fd8,0x00000000fa100000)
  to   space 4096K, 0% used [0x00000000fa100000,0x00000000fa100000,0x00000000fa500000)
 ParOldGen       total 22016K, used 8610K [0x00000000e0a00000, 0x00000000e1f80000, 0x00000000f5900000)
  object space 22016K, 39% used [0x00000000e0a00000,0x00000000e12689f0,0x00000000e1f80000)
 Metaspace       used 14289K, capacity 15606K, committed 15744K, reserved 1060864K
  class space    used 3219K, capacity 3692K, committed 3712K, reserved 1048576K

Card table byte_map: [0x00007f08d84bc000,0x00007f08d85b8000] byte_map_base: 0x00007f08d7db7000

Marking Bits: (ParMarkBitMap*) 0x00007f08dace8dc0
 Begin Bits: [0x00007f08c4050000, 0x00007f08c4828000)
 End Bits:   [0x00007f08c4828000, 0x00007f08c5000000)

Polling page: 0x00007f08db93b000

CodeCache: size=245760Kb used=4460Kb max_used=4460Kb free=241299Kb
 bounds [0x00007f08c5000000, 0x00007f08c5460000, 0x00007f08d4000000]
 total_blobs=2086 nmethods=1751 adapters=249
 compilation: enabled

Compilation events (10 events):
Event: 3.254 Thread 0x00007f08d40bc000 1747       1       clojure.asm.ClassWriter::visit (121 bytes)
Event: 3.254 Thread 0x00007f08d40bc000 nmethod 1747 0x00007f08c5459ad0 code [0x00007f08c5459c80, 0x00007f08c5459ff8]
Event: 3.254 Thread 0x00007f08d40bc000 1748       1       clojure.lang.DynamicClassLoader::defineClass (43 bytes)
Event: 3.255 Thread 0x00007f08d40bc000 nmethod 1748 0x00007f08c545a350 code [0x00007f08c545a4e0, 0x00007f08c545a788]
Event: 3.255 Thread 0x00007f08d40bc000 1749       1       java.lang.ClassLoader::defineClass (11 bytes)
Event: 3.255 Thread 0x00007f08d40bc000 nmethod 1749 0x00007f08c545a910 code [0x00007f08c545aa80, 0x00007f08c545aba8]
Event: 3.256 Thread 0x00007f08d40bc000 1750       1       clojure.core$complement::invokeStatic (11 bytes)
Event: 3.257 Thread 0x00007f08d40bc000 nmethod 1750 0x00007f08c545ac10 code [0x00007f08c545ad60, 0x00007f08c545aeb0]
Event: 3.257 Thread 0x00007f08d40bc000 1751       1       clojure.core$complement$fn__5391::<init> (10 bytes)
Event: 3.257 Thread 0x00007f08d40bc000 nmethod 1751 0x00007f08c545af50 code [0x00007f08c545b0a0, 0x00007f08c545b1d0]

GC Heap History (10 events):
Event: 0.737 GC heap after
Heap after GC invocations=2 (full 0):
 PSYoungGen      total 18432K, used 1008K [0x00000000f5900000, 0x00000000f6c00000, 0x0000000100000000)
  eden space 17408K, 0% used [0x00000000f5900000,0x00000000f5900000,0x00000000f6a00000)
  from space 1024K, 98% used [0x00000000f6b00000,0x00000000f6bfc010,0x00000000f6c00000)
  to   space 1024K, 0% used [0x00000000f6a00000,0x00000000f6a00000,0x00000000f6b00000)
 ParOldGen       total 22016K, used 1790K [0x00000000e0a00000, 0x00000000e1f80000, 0x00000000f5900000)
  object space 22016K, 8% used [0x00000000e0a00000,0x00000000e0bbfae0,0x00000000e1f80000)
 Metaspace       used 5450K, capacity 6544K, committed 6656K, reserved 1056768K
  class space    used 745K, capacity 746K, committed 768K, reserved 1048576K
}
Event: 1.051 GC heap before
{Heap before GC invocations=3 (full 0):
 PSYoungGen      total 18432K, used 18416K [0x00000000f5900000, 0x00000000f6c00000, 0x0000000100000000)
  eden space 17408K, 100% used [0x00000000f5900000,0x00000000f6a00000,0x00000000f6a00000)
  from space 1024K, 98% used [0x00000000f6b00000,0x00000000f6bfc010,0x00000000f6c00000)
  to   space 1024K, 0% used [0x00000000f6a00000,0x00000000f6a00000,0x00000000f6b00000)
 ParOldGen       total 22016K, used 1790K [0x00000000e0a00000, 0x00000000e1f80000, 0x00000000f5900000)
  object space 22016K, 8% used [0x00000000e0a00000,0x00000000e0bbfae0,0x00000000e1f80000)
 Metaspace       used 7457K, capacity 8534K, committed 8704K, reserved 1056768K
  class space    used 1408K, capacity 1456K, committed 1536K, reserved 1048576K
Event: 1.059 GC heap after
Heap after GC invocations=3 (full 0):
 PSYoungGen      total 18432K, used 992K [0x00000000f5900000, 0x00000000f7d00000, 0x0000000100000000)
  eden space 17408K, 0% used [0x00000000f5900000,0x00000000f5900000,0x00000000f6a00000)
  from space 1024K, 96% used [0x00000000f6a00000,0x00000000f6af8020,0x00000000f6b00000)
  to   space 1024K, 0% used [0x00000000f7c00000,0x00000000f7c00000,0x00000000f7d00000)
 ParOldGen       total 22016K, used 3527K [0x00000000e0a00000, 0x00000000e1f80000, 0x00000000f5900000)
  object space 22016K, 16% used [0x00000000e0a00000,0x00000000e0d71e00,0x00000000e1f80000)
 Metaspace       used 7457K, capacity 8534K, committed 8704K, reserved 1056768K
  class space    used 1408K, capacity 1456K, committed 1536K, reserved 1048576K
}
Event: 1.468 GC heap before
{Heap before GC invocations=4 (full 0):
 PSYoungGen      total 18432K, used 18400K [0x00000000f5900000, 0x00000000f7d00000, 0x0000000100000000)
  eden space 17408K, 100% used [0x00000000f5900000,0x00000000f6a00000,0x00000000f6a00000)
  from space 1024K, 96% used [0x00000000f6a00000,0x00000000f6af8020,0x00000000f6b00000)
  to   space 1024K, 0% used [0x00000000f7c00000,0x00000000f7c00000,0x00000000f7d00000)
 ParOldGen       total 22016K, used 3527K [0x00000000e0a00000, 0x00000000e1f80000, 0x00000000f5900000)
  object space 22016K, 16% used [0x00000000e0a00000,0x00000000e0d71e00,0x00000000e1f80000)
 Metaspace       used 9366K, capacity 10000K, committed 10112K, reserved 1056768K
  class space    used 1790K, capacity 1818K, committed 1920K, reserved 1048576K
Event: 1.477 GC heap after
Heap after GC invocations=4 (full 0):
 PSYoungGen      total 35840K, used 995K [0x00000000f5900000, 0x00000000f7d00000, 0x0000000100000000)
  eden space 34816K, 0% used [0x00000000f5900000,0x00000000f5900000,0x00000000f7b00000)
  from space 1024K, 97% used [0x00000000f7c00000,0x00000000f7cf8d68,0x00000000f7d00000)
  to   space 1024K, 0% used [0x00000000f7b00000,0x00000000f7b00000,0x00000000f7c00000)
 ParOldGen       total 22016K, used 5626K [0x00000000e0a00000, 0x00000000e1f80000, 0x00000000f5900000)
  object space 22016K, 25% used [0x00000000e0a00000,0x00000000e0f7e848,0x00000000e1f80000)
 Metaspace       used 9366K, capacity 10000K, committed 10112K, reserved 1056768K
  class space    used 1790K, capacity 1818K, committed 1920K, reserved 1048576K
}
Event: 1.896 GC heap before
{Heap before GC invocations=5 (full 0):
 PSYoungGen      total 35840K, used 35811K [0x00000000f5900000, 0x00000000f7d00000, 0x0000000100000000)
  eden space 34816K, 100% used [0x00000000f5900000,0x00000000f7b00000,0x00000000f7b00000)
  from space 1024K, 97% used [0x00000000f7c00000,0x00000000f7cf8d68,0x00000000f7d00000)
  to   space 1024K, 0% used [0x00000000f7b00000,0x00000000f7b00000,0x00000000f7c00000)
 ParOldGen       total 22016K, used 5626K [0x00000000e0a00000, 0x00000000e1f80000, 0x00000000f5900000)
  object space 22016K, 25% used [0x00000000e0a00000,0x00000000e0f7e848,0x00000000e1f80000)
 Metaspace       used 11654K, capacity 12176K, committed 12288K, reserved 1058816K
  class space    used 2489K, capacity 2522K, committed 2560K, reserved 1048576K
Event: 1.903 GC heap after
Heap after GC invocations=5 (full 0):
 PSYoungGen      total 35840K, used 995K [0x00000000f5900000, 0x00000000fa500000, 0x0000000100000000)
  eden space 34816K, 0% used [0x00000000f5900000,0x00000000f5900000,0x00000000f7b00000)
  from space 1024K, 97% used [0x00000000f7b00000,0x00000000f7bf8d68,0x00000000f7c00000)
  to   space 4096K, 0% used [0x00000000fa100000,0x00000000fa100000,0x00000000fa500000)
 ParOldGen       total 22016K, used 8215K [0x00000000e0a00000, 0x00000000e1f80000, 0x00000000f5900000)
  object space 22016K, 37% used [0x00000000e0a00000,0x00000000e1205c48,0x00000000e1f80000)
 Metaspace       used 11654K, capacity 12176K, committed 12288K, reserved 1058816K
  class space    used 2489K, capacity 2522K, committed 2560K, reserved 1048576K
}
Event: 2.461 GC heap before
{Heap before GC invocations=6 (full 0):
 PSYoungGen      total 35840K, used 35811K [0x00000000f5900000, 0x00000000fa500000, 0x0000000100000000)
  eden space 34816K, 100% used [0x00000000f5900000,0x00000000f7b00000,0x00000000f7b00000)
  from space 1024K, 97% used [0x00000000f7b00000,0x00000000f7bf8d68,0x00000000f7c00000)
  to   space 4096K, 0% used [0x00000000fa100000,0x00000000fa100000,0x00000000fa500000)
 ParOldGen       total 22016K, used 8215K [0x00000000e0a00000, 0x00000000e1f80000, 0x00000000f5900000)
  object space 22016K, 37% used [0x00000000e0a00000,0x00000000e1205c48,0x00000000e1f80000)
 Metaspace       used 12962K, capacity 13544K, committed 13568K, reserved 1060864K
  class space    used 2824K, capacity 3054K, committed 3072K, reserved 1048576K
Event: 2.471 GC heap after
Heap after GC invocations=6 (full 0):
 PSYoungGen      total 73728K, used 2735K [0x00000000f5900000, 0x00000000fa500000, 0x0000000100000000)
  eden space 69632K, 0% used [0x00000000f5900000,0x00000000f5900000,0x00000000f9d00000)
  from space 4096K, 66% used [0x00000000fa100000,0x00000000fa3abd40,0x00000000fa500000)
  to   space 4096K, 0% used [0x00000000f9d00000,0x00000000f9d00000,0x00000000fa100000)
 ParOldGen       total 22016K, used 8215K [0x00000000e0a00000, 0x00000000e1f80000, 0x00000000f5900000)
  object space 22016K, 37% used [0x00000000e0a00000,0x00000000e1205c48,0x00000000e1f80000)
 Metaspace       used 12962K, capacity 13544K, committed 13568K, reserved 1060864K
  class space    used 2824K, capacity 3054K, committed 3072K, reserved 1048576K
}
Event: 3.267 GC heap before
{Heap before GC invocations=7 (full 0):
 PSYoungGen      total 73728K, used 72367K [0x00000000f5900000, 0x00000000fa500000, 0x0000000100000000)
  eden space 69632K, 100% used [0x00000000f5900000,0x00000000f9d00000,0x00000000f9d00000)
  from space 4096K, 66% used [0x00000000fa100000,0x00000000fa3abd40,0x00000000fa500000)
  to   space 4096K, 0% used [0x00000000f9d00000,0x00000000f9d00000,0x00000000fa100000)
 ParOldGen       total 22016K, used 8215K [0x00000000e0a00000, 0x00000000e1f80000, 0x00000000f5900000)
  object space 22016K, 37% used [0x00000000e0a00000,0x00000000e1205c48,0x00000000e1f80000)
 Metaspace       used 14289K, capacity 15606K, committed 15744K, reserved 1060864K
  class space    used 3219K, capacity 3692K, committed 3712K, reserved 1048576K

Deoptimization events (0 events):
No events

Internal exceptions (8 events):
Event: 0.042 Thread 0x00007f08d400e800 Exception <a 'java/lang/NoSuchMethodError': Method sun.misc.Unsafe.defineClass(Ljava/lang/String;[BII)Ljava/lang/Class; name or signature does not match> (0x00000000f5907ca8) thrown at [/HUDSON3/workspace/8-2-build-linux-amd64/jdk8u144/9417/hotspot/src/sh
Event: 0.042 Thread 0x00007f08d400e800 Exception <a 'java/lang/NoSuchMethodError': Method sun.misc.Unsafe.prefetchRead(Ljava/lang/Object;J)V name or signature does not match> (0x00000000f5907f90) thrown at [/HUDSON3/workspace/8-2-build-linux-amd64/jdk8u144/9417/hotspot/src/share/vm/prims/jni.c
Event: 0.124 Thread 0x00007f08d400e800 Exception <a 'java/security/PrivilegedActionException'> (0x00000000f59ab8e8) thrown at [/HUDSON3/workspace/8-2-build-linux-amd64/jdk8u144/9417/hotspot/src/share/vm/prims/jvm.cpp, line 1390]
Event: 0.124 Thread 0x00007f08d400e800 Exception <a 'java/security/PrivilegedActionException'> (0x00000000f59abaf8) thrown at [/HUDSON3/workspace/8-2-build-linux-amd64/jdk8u144/9417/hotspot/src/share/vm/prims/jvm.cpp, line 1390]
Event: 0.421 Thread 0x00007f08d400e800 Exception <a 'java/security/PrivilegedActionException'> (0x00000000f5917d18) thrown at [/HUDSON3/workspace/8-2-build-linux-amd64/jdk8u144/9417/hotspot/src/share/vm/prims/jvm.cpp, line 1390]
Event: 0.421 Thread 0x00007f08d400e800 Exception <a 'java/security/PrivilegedActionException'> (0x00000000f5917f28) thrown at [/HUDSON3/workspace/8-2-build-linux-amd64/jdk8u144/9417/hotspot/src/share/vm/prims/jvm.cpp, line 1390]
Event: 0.422 Thread 0x00007f08d400e800 Exception <a 'java/security/PrivilegedActionException'> (0x00000000f591a390) thrown at [/HUDSON3/workspace/8-2-build-linux-amd64/jdk8u144/9417/hotspot/src/share/vm/prims/jvm.cpp, line 1390]
Event: 0.422 Thread 0x00007f08d400e800 Exception <a 'java/security/PrivilegedActionException'> (0x00000000f591a5a0) thrown at [/HUDSON3/workspace/8-2-build-linux-amd64/jdk8u144/9417/hotspot/src/share/vm/prims/jvm.cpp, line 1390]

Events (10 events):
Event: 3.155 loading class clojure/lang/RecordIterator done
Event: 3.156 loading class java/util/function/UnaryOperator
Event: 3.156 loading class java/util/function/UnaryOperator done
Event: 3.190 loading class clojure/lang/APersistentVector$Seq
Event: 3.190 loading class clojure/lang/APersistentVector$Seq done
Event: 3.257 loading class clojure/core$doseq$step__5720
Event: 3.257 loading class clojure/core$doseq$step__5720 done
Event: 3.264 loading class clojure/lang/PersistentHashMap$ArrayNode$Iter
Event: 3.264 loading class clojure/lang/PersistentHashMap$ArrayNode$Iter done
Event: 3.266 Executing VM operation: ParallelGCFailedAllocation


Dynamic libraries:
00400000-00401000 r-xp 00000000 fd:01 782631                             /usr/lib/jvm/java-8-oracle/jre/bin/java
00600000-00601000 rw-p 00000000 fd:01 782631                             /usr/lib/jvm/java-8-oracle/jre/bin/java
020b8000-020d9000 rw-p 00000000 00:00 0                                  [heap]
e0a00000-e1f80000 rw-p 00000000 00:00 0 
e1f80000-f5900000 ---p 00000000 00:00 0 
f5900000-fa500000 rw-p 00000000 00:00 0 
fe900000-100000000 ---p 00000000 00:00 0 
100000000-1003a0000 rw-p 00000000 00:00 0 
1003a0000-140000000 ---p 00000000 00:00 0 
7f0894000000-7f0894021000 rw-p 00000000 00:00 0 
7f0894021000-7f0898000000 ---p 00000000 00:00 0 
7f089c000000-7f089c248000 rw-p 00000000 00:00 0 
7f089c248000-7f08a0000000 ---p 00000000 00:00 0 
7f08a0000000-7f08a0021000 rw-p 00000000 00:00 0 
7f08a0021000-7f08a4000000 ---p 00000000 00:00 0 
7f08a4000000-7f08a4021000 rw-p 00000000 00:00 0 
7f08a4021000-7f08a8000000 ---p 00000000 00:00 0 
7f08a8000000-7f08a804e000 rw-p 00000000 00:00 0 
7f08a804e000-7f08ac000000 ---p 00000000 00:00 0 
7f08ac000000-7f08ac021000 rw-p 00000000 00:00 0 
7f08ac021000-7f08b0000000 ---p 00000000 00:00 0 
7f08b0000000-7f08b0021000 rw-p 00000000 00:00 0 
7f08b0021000-7f08b4000000 ---p 00000000 00:00 0 
7f08b4000000-7f08b4290000 rw-p 00000000 00:00 0 
7f08b4290000-7f08b8000000 ---p 00000000 00:00 0 
7f08b8000000-7f08b8021000 rw-p 00000000 00:00 0 
7f08b8021000-7f08bc000000 ---p 00000000 00:00 0 
7f08bdde1000-7f08bdfa1000 rw-p 00000000 00:00 0 
7f08bdfa1000-7f08bdfe1000 ---p 00000000 00:00 0 
7f08bdfe1000-7f08bdfe6000 r--s 0009a000 fd:01 527214                     /usr/lib/jvm/java-8-oracle/jre/lib/jsse.jar
7f08bdfe6000-7f08be1e6000 rw-p 00000000 00:00 0 
7f08be1e6000-7f08be1e9000 r--s 0001f000 fd:01 795134                     /root/.m2/repository/org/hornetq/hornetq-jms-client/2.4.5.Final/hornetq-jms-client-2.4.5.Final.jar
7f08be1e9000-7f08be1f0000 r--s 0009f000 fd:01 1299673                    /root/.m2/repository/org/postgresql/postgresql/9.4.1211/postgresql-9.4.1211.jar
7f08be1f0000-7f08be1fc000 r--s 00085000 fd:01 1597403                    /root/.m2/repository/org/clojure/spec.alpha/0.1.143/spec.alpha-0.1.143.jar
7f08be1fc000-7f08be1fd000 r--s 00002000 fd:01 1299759                    /root/.m2/repository/clout/clout/2.1.2/clout-2.1.2.jar
7f08be1fd000-7f08be1fe000 r--s 00001000 fd:01 795160                     /root/.m2/repository/org/projectodd/wunderboss/wunderboss-transactions/0.13.1/wunderboss-transactions-0.13.1.jar
7f08be1fe000-7f08be201000 r--s 00019000 fd:01 1052733                    /root/.m2/repository/com/jolbox/bonecp/0.8.0.RELEASE/bonecp-0.8.0.RELEASE.jar
7f08be201000-7f08be202000 r--s 00001000 fd:01 1299636                    /root/.m2/repository/org/clojure/core.cache/0.6.5/core.cache-0.6.5.jar
7f08be202000-7f08be210000 r--s 000b2000 fd:01 795163                     /root/.m2/repository/org/jboss/narayana/jta/narayana-jta/5.0.3.Final/narayana-jta-5.0.3.Final.jar
7f08be210000-7f08be213000 r--s 0000a000 fd:01 795117                     /root/.m2/repository/org/jboss/spec/javax/jms/jboss-jms-api_2.0_spec/1.0.0.Final/jboss-jms-api_2.0_spec-1.0.0.Final.jar
7f08be213000-7f08be215000 r--s 00006000 fd:01 794562                     /root/.m2/repository/org/projectodd/wunderboss/wunderboss-web-undertow/0.12.2/wunderboss-web-undertow-0.12.2.jar
7f08be215000-7f08be217000 r--s 0000c000 fd:01 1052725                    /root/.m2/repository/net/postgis/postgis-jdbc/2.1.7.2/postgis-jdbc-2.1.7.2.jar
7f08be217000-7f08be218000 r--s 00001000 fd:01 1306385                    /root/.m2/repository/org/clojure/tools.logging/0.2.3/tools.logging-0.2.3.jar
7f08be218000-7f08be21a000 r--s 0000f000 fd:01 794560                     /root/.m2/repository/org/jboss/logging/jboss-logging/3.2.1.Final/jboss-logging-3.2.1.Final.jar
7f08be21a000-7f08be225000 r--s 00065000 fd:01 1052727                    /root/.m2/repository/ch/qos/logback/logback-core/1.1.3/logback-core-1.1.3.jar
7f08be225000-7f08be229000 r--s 00026000 fd:01 795133                     /root/.m2/repository/org/hornetq/hornetq-jms-server/2.4.5.Final/hornetq-jms-server-2.4.5.Final.jar
7f08be229000-7f08be22a000 r--s 00001000 fd:01 1301763                    /root/.m2/repository/ring-cors/ring-cors/0.1.11/ring-cors-0.1.11.jar
7f08be22a000-7f08be242000 r--s 0021c000 fd:01 795113                     /root/.m2/repository/org/jgroups/jgroups/3.6.2.Final/jgroups-3.6.2.Final.jar
7f08be242000-7f08be252000 r--s 000e9000 fd:01 795123                     /root/.m2/repository/org/hornetq/hornetq-server/2.4.5.Final/hornetq-server-2.4.5.Final.jar
7f08be252000-7f08be25b000 r--s 0006d000 fd:01 794572                     /root/.m2/repository/io/undertow/undertow-servlet/1.3.23.Final/undertow-servlet-1.3.23.Final.jar
7f08be25b000-7f08be25c000 r--s 00007000 fd:01 794590                     /root/.m2/repository/org/immutant/web/2.1.5/web-2.1.5.jar
7f08be25c000-7f08be25e000 r--s 0000b000 fd:01 1301114                    /root/.m2/repository/com/fasterxml/jackson/dataformat/jackson-dataformat-cbor/2.9.0/jackson-dataformat-cbor-2.9.0.jar
7f08be25e000-7f08be260000 r--s 00002000 fd:01 1809586                    /root/.m2/repository/riddley/riddley/0.1.12/riddley-0.1.12.jar
7f08be260000-7f08be263000 r--s 00015000 fd:01 783135                     /root/.m2/repository/javax/servlet/javax.servlet-api/3.1.0/javax.servlet-api-3.1.0.jar
7f08be263000-7f08be264000 r--s 00001000 fd:01 1301797                    /root/.m2/repository/ring/ring-defaults/0.3.1/ring-defaults-0.3.1.jar
7f08be264000-7f08be265000 r--s 00000000 fd:01 1299766                    /root/.m2/repository/crypto-random/crypto-random/1.2.0/crypto-random-1.2.0.jar
7f08be265000-7f08be267000 r--s 00012000 fd:01 795192                     /root/.m2/repository/org/jboss/naming/jnpserver/5.0.3.GA/jnpserver-5.0.3.GA.jar
7f08be267000-7f08be291000 r--s 001e9000 fd:01 778806                     /root/.m2/repository/com/google/guava/guava/15.0/guava-15.0.jar
7f08be291000-7f08be292000 r--s 00000000 fd:01 795239                     /root/.m2/repository/environ/environ/1.1.0/environ-1.1.0.jar
7f08be292000-7f08be296000 r--s 0004b000 fd:01 1048379                    /root/.m2/repository/com/fasterxml/jackson/core/jackson-core/2.9.0/jackson-core-2.9.0.jar
7f08be296000-7f08be299000 r--s 0000f000 fd:01 1299678                    /root/.m2/repository/commons-fileupload/commons-fileupload/1.3.2/commons-fileupload-1.3.2.jar
7f08be299000-7f08be29a000 r--s 00001000 fd:01 1299642                    /root/.m2/repository/org/clojure/data.priority-map/0.0.7/data.priority-map-0.0.7.jar
7f08be29a000-7f08be29b000 r--s 00001000 fd:01 1032251                    /root/.m2/repository/org/clojure/data.json/0.2.6/data.json-0.2.6.jar
7f08be29b000-7f08be2a2000 r--s 00055000 fd:01 795111                     /root/.m2/repository/org/jboss/marshalling/jboss-marshalling-osgi/1.4.10.Final/jboss-marshalling-osgi-1.4.10.Final.jar
7f08be2a2000-7f08be2a4000 r--s 0000d000 fd:01 1076386                    /root/.m2/repository/org/clojure/core.logic/0.8.11/core.logic-0.8.11.jar
7f08be2a4000-7f08be2a5000 r--s 00001000 fd:01 794580                     /root/.m2/repository/org/projectodd/wunderboss/wunderboss-clojure/0.12.2/wunderboss-clojure-0.12.2.jar
7f08be2a5000-7f08be2aa000 r--s 00030000 fd:01 1299643                    /root/.m2/repository/org/ow2/asm/asm-all/4.2/asm-all-4.2.jar
7f08be2aa000-7f08be2bb000 r--s 0008a000 fd:01 1820105                    /root/.m2/repository/joda-time/joda-time/2.9.7/joda-time-2.9.7.jar
7f08be2bb000-7f08be2bc000 r--s 00004000 fd:01 1301753                    /root/.m2/repository/org/clojure/tools.namespace/0.2.11/tools.namespace-0.2.11.jar
7f08be2bc000-7f08be2be000 r--s 00005000 fd:01 1048382                    /root/.m2/repository/cheshire/cheshire/5.8.0/cheshire-5.8.0.jar
7f08be2be000-7f08be2bf000 r--s 00004000 fd:01 1052743                    /root/.m2/repository/clj-postgresql/clj-postgresql/0.7.0/clj-postgresql-0.7.0.jar
7f08be2bf000-7f08be2c1000 r--s 00005000 fd:01 795158                     /root/.m2/repository/org/jboss/jboss-transaction-spi/7.1.0.Final/jboss-transaction-spi-7.1.0.Final.jar
7f08be2c1000-7f08be2c2000 r--s 00008000 fd:01 1299632                    /root/.m2/repository/org/clojure/tools.analyzer.jvm/0.7.0/tools.analyzer.jvm-0.7.0.jar
7f08be2c2000-7f08be2c8000 r--s 00033000 fd:01 787532                     /root/.m2/repository/commons-codec/commons-codec/1.6/commons-codec-1.6.jar
7f08be2c8000-7f08be2c9000 r--s 0000a000 fd:01 801631                     /root/.m2/repository/liberator/liberator/0.15.1/liberator-0.15.1.jar
7f08be2c9000-7f08be2cb000 r--s 00003000 fd:01 794594                     /root/.m2/repository/org/immutant/core/2.1.5/core-2.1.5.jar
7f08be2cb000-7f08be2cc000 r--s 00004000 fd:01 794576                     /root/.m2/repository/org/jboss/spec/javax/annotation/jboss-annotations-api_1.2_spec/1.0.0.Final/jboss-annotations-api_1.2_spec-1.0.0.Final.jar
7f08be2cc000-7f08be2ce000 r--s 00000000 fd:01 1817053                    /root/.m2/repository/org/clojure/core.specs.alpha/0.1.24/core.specs.alpha-0.1.24.jar
7f08be2ce000-7f08be2cf000 r--s 00003000 fd:01 1299757                    /root/.m2/repository/compojure/compojure/1.6.0/compojure-1.6.0.jar
7f08be2cf000-7f08be2d0000 r--s 00002000 fd:01 794592                     /root/.m2/repository/org/immutant/scheduling/2.1.5/scheduling-2.1.5.jar
7f08be2d0000-7f08be2d1000 r--s 00000000 fd:01 795136                     /root/.m2/repository/javax/inject/javax.inject/1/javax.inject-1.jar
7f08be2d1000-7f08be2e0000 r--s 00097000 fd:01 795109                     /root/.m2/repository/org/infinispan/infinispan-commons/7.2.3.Final/infinispan-commons-7.2.3.Final.jar
7f08be2e0000-7f08be2e1000 r--s 00001000 fd:01 1299650                    /root/.m2/repository/com/stuartsierra/dependency/0.2.0/dependency-0.2.0.jar
7f08be2e1000-7f08be2e3000 r--s 00001000 fd:01 795190                     /root/.m2/repository/org/immutant/transactions/2.1.8/transactions-2.1.8.jar
7f08be2e3000-7f08be2e6000 r--s 0000e000 fd:01 795119                     /root/.m2/repository/org/projectodd/wunderboss/wunderboss-messaging/0.13.1/wunderboss-messaging-0.13.1.jar
7f08be2e6000-7f08be2e8000 r--s 00001000 fd:01 795114                     /root/.m2/repository/org/projectodd/wunderboss/wunderboss-messaging-hornetq/0.13.1/wunderboss-messaging-hornetq-0.13.1.jar
7f08be2e8000-7f08be2ea000 r--s 00013000 fd:01 1809590                    /root/.m2/repository/clj-tuple/clj-tuple/0.2.2/clj-tuple-0.2.2.jar
7f08be2ea000-7f08be2ee000 r--s 0002a000 fd:01 795124                     /root/.m2/repository/org/hornetq/hornetq-journal/2.4.5.Final/hornetq-journal-2.4.5.Final.jar
7f08be2ee000-7f08be2ef000 r--s 00003000 fd:01 1032561                    /root/.m2/repository/hiccup/hiccup/1.0.5/hiccup-1.0.5.jar
7f08be2ef000-7f08be2f1000 r--s 00000000 fd:01 1052739                    /root/.m2/repository/org/clojure/java.data/0.1.1/java.data-0.1.1.jar
7f08be2f1000-7f08be2fc000 r--s 00081000 fd:01 795128                     /root/.m2/repository/org/hornetq/hornetq-core-client/2.4.5.Final/hornetq-core-client-2.4.5.Final.jar
7f08be2fc000-7f08be2fd000 r--s 00000000 fd:01 795176                     /root/.m2/repository/org/immutant/immutant/2.1.8/immutant-2.1.8.jar
7f08be2fd000-7f08be2fe000 r--s 00001000 fd:01 1809214                    /root/.m2/repository/ring/ring-json/0.4.0/ring-json-0.4.0.jar
7f08be2fe000-7f08be2ff000 r--s 00001000 fd:01 1299635                    /root/.m2/repository/org/clojure/core.memoize/0.5.9/core.memoize-0.5.9.jar
7f08be2ff000-7f08be301000 r--s 00002000 fd:01 794586                     /root/.m2/repository/org/projectodd/wunderboss/wunderboss-scheduling/0.12.2/wunderboss-scheduling-0.12.2.jar
7f08be301000-7f08be304000 r--s 0001a000 fd:01 794573                     /root/.m2/repository/org/jboss/xnio/xnio-nio/3.3.6.Final/xnio-nio-3.3.6.Final.jar
7f08be304000-7f08be31d000 r--s 0014f000 fd:01 795130                     /root/.m2/repository/io/netty/netty-all/4.0.13.Final/netty-all-4.0.13.Final.jar
7f08be31d000-7f08be326000 r--s 00076000 fd:01 794571                     /root/.m2/repository/org/jboss/xnio/xnio-api/3.3.6.Final/xnio-api-3.3.6.Final.jar
7f08be326000-7f08be36a000 r--s 00341000 fd:01 825179                     /root/.m2/repository/org/clojure/clojure/1.9.0/clojure-1.9.0.jar
7f08be36a000-7f08be36c000 r--s 00004000 fd:01 1809589                    /root/.m2/repository/potemkin/potemkin/0.4.3/potemkin-0.4.3.jar
7f08be36c000-7f08be36d000 r--s 00005000 fd:01 1820107                    /root/.m2/repository/clj-time/clj-time/0.14.0/clj-time-0.14.0.jar
7f08be36d000-7f08be36e000 r--s 00003000 fd:01 795157                     /root/.m2/repository/org/jboss/spec/javax/interceptor/jboss-interceptors-api_1.2_spec/1.0.0.Final/jboss-interceptors-api_1.2_spec-1.0.0.Final.jar
7f08be36e000-7f08be378000 r--s 00098000 fd:01 794583                     /root/.m2/repository/org/quartz-scheduler/quartz/2.2.1/quartz-2.2.1.jar
7f08be378000-7f08be379000 r--s 00000000 fd:01 1299767                    /root/.m2/repository/crypto-equality/crypto-equality/1.0.0/crypto-equality-1.0.0.jar
7f08be379000-7f08be37a000 r--s 00001000 fd:01 1299758                    /root/.m2/repository/medley/medley/1.0.0/medley-1.0.0.jar
7f08be37a000-7f08be37d000 r--s 00006000 fd:01 795162                     /root/.m2/repository/org/jboss/spec/javax/resource/jboss-connector-api_1.5_spec/1.0.0.Final/jboss-connector-api_1.5_spec-1.0.0.Final.jar
7f08be37d000-7f08be37e000 ---p 00000000 00:00 0 
7f08be37e000-7f08be47e000 rw-p 00000000 00:00 0 
7f08be47e000-7f08be481000 ---p 00000000 00:00 0 
7f08be481000-7f08be57f000 rw-p 00000000 00:00 0 
7f08be57f000-7f08be582000 ---p 00000000 00:00 0 
7f08be582000-7f08be680000 rw-p 00000000 00:00 0 
7f08be680000-7f08be683000 ---p 00000000 00:00 0 
7f08be683000-7f08be781000 rw-p 00000000 00:00 0 
7f08be781000-7f08be784000 ---p 00000000 00:00 0 
7f08be784000-7f08be882000 rw-p 00000000 00:00 0 
7f08be882000-7f08bea1a000 r--p 00000000 fd:01 7964                       /usr/lib/locale/locale-archive
7f08bea1a000-7f08bea1d000 ---p 00000000 00:00 0 
7f08bea1d000-7f08beb1b000 rw-p 00000000 00:00 0 
7f08beb1b000-7f08beb1e000 ---p 00000000 00:00 0 
7f08beb1e000-7f08bec1c000 rw-p 00000000 00:00 0 
7f08bec1c000-7f08bec1d000 ---p 00000000 00:00 0 
7f08bec1d000-7f08bf626000 rw-p 00000000 00:00 0 
7f08bf626000-7f08bf800000 r--s 03d4d000 fd:01 527223                     /usr/lib/jvm/java-8-oracle/jre/lib/rt.jar
7f08bf800000-7f08c0000000 rw-p 00000000 00:00 0 
7f08c0000000-7f08c0021000 rw-p 00000000 00:00 0 
7f08c0021000-7f08c4000000 ---p 00000000 00:00 0 
7f08c4000000-7f08c4002000 r--s 00006000 fd:01 794563                     /root/.m2/repository/org/projectodd/wunderboss/wunderboss-web/0.12.2/wunderboss-web-0.12.2.jar
7f08c4002000-7f08c4005000 r--s 0000a000 fd:01 794561                     /root/.m2/repository/org/projectodd/wunderboss/wunderboss-core/0.12.2/wunderboss-core-0.12.2.jar
7f08c4005000-7f08c400f000 r--s 00065000 fd:01 795139                     /root/.m2/repository/org/jboss/jboss-common-core/2.2.10.GA/jboss-common-core-2.2.10.GA.jar
7f08c400f000-7f08c4010000 r--s 00006000 fd:01 1067369                    /root/.m2/repository/bidi/bidi/2.1.2/bidi-2.1.2.jar
7f08c4010000-7f08c4011000 r--s 00000000 fd:01 1301755                    /root/.m2/repository/org/clojure/java.classpath/0.2.3/java.classpath-0.2.3.jar
7f08c4011000-7f08c4012000 r--s 00006000 fd:01 795164                     /root/.m2/repository/org/jboss/spec/javax/transaction/jboss-transaction-api_1.2_spec/1.0.0.Alpha3/jboss-transaction-api_1.2_spec-1.0.0.Alpha3.jar
7f08c4012000-7f08c4013000 r--s 00002000 fd:01 780164                     /root/.m2/repository/clojure-complete/clojure-complete/0.2.4/clojure-complete-0.2.4.jar
7f08c4013000-7f08c4015000 r--s 00005000 fd:01 795108                     /root/.m2/repository/org/jboss/spec/javax/transaction/jboss-transaction-api_1.1_spec/1.0.1.Final/jboss-transaction-api_1.1_spec-1.0.1.Final.jar
7f08c4015000-7f08c4016000 r--s 00003000 fd:01 795154                     /root/.m2/repository/javax/transaction/jta/1.1/jta-1.1.jar
7f08c4016000-7f08c4018000 r--s 00009000 fd:01 794564                     /root/.m2/repository/org/jboss/spec/javax/websocket/jboss-websocket-api_1.1_spec/1.1.0.Final/jboss-websocket-api_1.1_spec-1.1.0.Final.jar
7f08c4018000-7f08c4047000 r--s 00273000 fd:01 795106                     /root/.m2/repository/org/infinispan/infinispan-core/7.2.3.Final/infinispan-core-7.2.3.Final.jar
7f08c4047000-7f08c4048000 r--s 0000a000 fd:01 1816986                    /root/.m2/repository/org/clojure/tools.reader/0.10.0/tools.reader-0.10.0.jar
7f08c4048000-7f08c404a000 r--s 00013000 fd:01 1048378                    /root/.m2/repository/com/fasterxml/jackson/dataformat/jackson-dataformat-smile/2.9.0/jackson-dataformat-smile-2.9.0.jar
7f08c404a000-7f08c404b000 r--s 00009000 fd:01 780161                     /root/.m2/repository/org/clojure/tools.nrepl/0.2.12/tools.nrepl-0.2.12.jar
7f08c404b000-7f08c404f000 r--s 0002b000 fd:01 794568                     /root/.m2/repository/org/jboss/spec/javax/servlet/jboss-servlet-api_3.1_spec/1.0.0.Final/jboss-servlet-api_3.1_spec-1.0.0.Final.jar
7f08c404f000-7f08c4050000 r--s 00007000 fd:01 1299634                    /root/.m2/repository/org/clojure/tools.analyzer/0.6.9/tools.analyzer-0.6.9.jar
7f08c4050000-7f08c5000000 rw-p 00000000 00:00 0 
7f08c5000000-7f08c5460000 rwxp 00000000 00:00 0 
7f08c5460000-7f08d4000000 ---p 00000000 00:00 0 
7f08d4000000-7f08d5181000 rw-p 00000000 00:00 0 
7f08d5181000-7f08d8000000 ---p 00000000 00:00 0 
7f08d8000000-7f08d8004000 r--s 00025000 fd:01 794579                     /root/.m2/repository/io/undertow/undertow-websockets-jsr/1.3.23.Final/undertow-websockets-jsr-1.3.23.Final.jar
7f08d8004000-7f08d8005000 r--s 00001000 fd:01 1301799                    /root/.m2/repository/ring/ring-ssl/0.3.0/ring-ssl-0.3.0.jar
7f08d8005000-7f08d8006000 r--s 00004000 fd:01 795181                     /root/.m2/repository/org/immutant/messaging/2.1.8/messaging-2.1.8.jar
7f08d8006000-7f08d8007000 r--s 00004000 fd:01 1048270                    /root/.m2/repository/com/stuartsierra/component/0.3.2/component-0.3.2.jar
7f08d8007000-7f08d8009000 r--s 00006000 fd:01 795107                     /root/.m2/repository/org/projectodd/wunderboss/wunderboss-caching/0.13.1/wunderboss-caching-0.13.1.jar
7f08d8009000-7f08d800b000 r--s 00006000 fd:01 1302240                    /root/.m2/repository/ring/ring-core/1.6.2/ring-core-1.6.2.jar
7f08d800b000-7f08d800c000 r--s 00001000 fd:01 1301800                    /root/.m2/repository/ring/ring-headers/0.3.0/ring-headers-0.3.0.jar
7f08d800c000-7f08d800d000 r--s 00001000 fd:01 1299773                    /root/.m2/repository/ring/ring-codec/1.0.1/ring-codec-1.0.1.jar
7f08d800d000-7f08d800e000 r--s 00000000 fd:01 801632                     /root/.m2/repository/org/clojure/data.csv/0.1.3/data.csv-0.1.3.jar
7f08d800e000-7f08d800f000 r--s 00007000 fd:01 783029                     /root/.m2/repository/org/slf4j/slf4j-api/1.7.12/slf4j-api-1.7.12.jar
7f08d800f000-7f08d8036000 r--s 001e3000 fd:01 794574                     /root/.m2/repository/io/undertow/undertow-core/1.3.23.Final/undertow-core-1.3.23.Final.jar
7f08d8036000-7f08d8039000 r--s 00019000 fd:01 795121                     /root/.m2/repository/org/hornetq/hornetq-commons/2.4.5.Final/hornetq-commons-2.4.5.Final.jar
7f08d8039000-7f08d803a000 r--s 0000b000 fd:01 1052745                    /root/.m2/repository/prismatic/schema/0.4.0/schema-0.4.0.jar
7f08d803a000-7f08d803b000 r--s 00001000 fd:01 1301801                    /root/.m2/repository/ring/ring-anti-forgery/1.1.0/ring-anti-forgery-1.1.0.jar
7f08d803b000-7f08d803c000 r--s 00002000 fd:01 795177                     /root/.m2/repository/org/immutant/caching/2.1.8/caching-2.1.8.jar
7f08d803c000-7f08d82ba000 rw-p 00000000 00:00 0 
7f08d82ba000-7f08d82bb000 ---p 00000000 00:00 0 
7f08d82bb000-7f08d83bb000 rw-p 00000000 00:00 0 
7f08d83bb000-7f08d83bc000 ---p 00000000 00:00 0 
7f08d83bc000-7f08d84c7000 rw-p 00000000 00:00 0 
7f08d84c7000-7f08d8563000 ---p 00000000 00:00 0 
7f08d8563000-7f08d858a000 rw-p 00000000 00:00 0 
7f08d858a000-7f08d85b7000 ---p 00000000 00:00 0 
7f08d85b7000-7f08d85ca000 rw-p 00000000 00:00 0 
7f08d85ca000-7f08d8978000 ---p 00000000 00:00 0 
7f08d8978000-7f08d8992000 r-xp 00000000 fd:01 527254                     /usr/lib/jvm/java-8-oracle/jre/lib/amd64/libzip.so
7f08d8992000-7f08d8b92000 ---p 0001a000 fd:01 527254                     /usr/lib/jvm/java-8-oracle/jre/lib/amd64/libzip.so
7f08d8b92000-7f08d8b93000 rw-p 0001a000 fd:01 527254                     /usr/lib/jvm/java-8-oracle/jre/lib/amd64/libzip.so
7f08d8b93000-7f08d8b9e000 r-xp 00000000 fd:01 10331                      /lib/x86_64-linux-gnu/libnss_files-2.23.so
7f08d8b9e000-7f08d8d9d000 ---p 0000b000 fd:01 10331                      /lib/x86_64-linux-gnu/libnss_files-2.23.so
7f08d8d9d000-7f08d8d9e000 r--p 0000a000 fd:01 10331                      /lib/x86_64-linux-gnu/libnss_files-2.23.so
7f08d8d9e000-7f08d8d9f000 rw-p 0000b000 fd:01 10331                      /lib/x86_64-linux-gnu/libnss_files-2.23.so
7f08d8d9f000-7f08d8da5000 rw-p 00000000 00:00 0 
7f08d8da5000-7f08d8db0000 r-xp 00000000 fd:01 10335                      /lib/x86_64-linux-gnu/libnss_nis-2.23.so
7f08d8db0000-7f08d8faf000 ---p 0000b000 fd:01 10335                      /lib/x86_64-linux-gnu/libnss_nis-2.23.so
7f08d8faf000-7f08d8fb0000 r--p 0000a000 fd:01 10335                      /lib/x86_64-linux-gnu/libnss_nis-2.23.so
7f08d8fb0000-7f08d8fb1000 rw-p 0000b000 fd:01 10335                      /lib/x86_64-linux-gnu/libnss_nis-2.23.so
7f08d8fb1000-7f08d8fc7000 r-xp 00000000 fd:01 10315                      /lib/x86_64-linux-gnu/libnsl-2.23.so
7f08d8fc7000-7f08d91c6000 ---p 00016000 fd:01 10315                      /lib/x86_64-linux-gnu/libnsl-2.23.so
7f08d91c6000-7f08d91c7000 r--p 00015000 fd:01 10315                      /lib/x86_64-linux-gnu/libnsl-2.23.so
7f08d91c7000-7f08d91c8000 rw-p 00016000 fd:01 10315                      /lib/x86_64-linux-gnu/libnsl-2.23.so
7f08d91c8000-7f08d91ca000 rw-p 00000000 00:00 0 
7f08d91ca000-7f08d91d2000 r-xp 00000000 fd:01 10326                      /lib/x86_64-linux-gnu/libnss_compat-2.23.so
7f08d91d2000-7f08d93d1000 ---p 00008000 fd:01 10326                      /lib/x86_64-linux-gnu/libnss_compat-2.23.so
7f08d93d1000-7f08d93d2000 r--p 00007000 fd:01 10326                      /lib/x86_64-linux-gnu/libnss_compat-2.23.so
7f08d93d2000-7f08d93d3000 rw-p 00008000 fd:01 10326                      /lib/x86_64-linux-gnu/libnss_compat-2.23.so
7f08d93d3000-7f08d93fe000 r-xp 00000000 fd:01 527281                     /usr/lib/jvm/java-8-oracle/jre/lib/amd64/libjava.so
7f08d93fe000-7f08d95fd000 ---p 0002b000 fd:01 527281                     /usr/lib/jvm/java-8-oracle/jre/lib/amd64/libjava.so
7f08d95fd000-7f08d95ff000 rw-p 0002a000 fd:01 527281                     /usr/lib/jvm/java-8-oracle/jre/lib/amd64/libjava.so
7f08d95ff000-7f08d960c000 r-xp 00000000 fd:01 527232                     /usr/lib/jvm/java-8-oracle/jre/lib/amd64/libverify.so
7f08d960c000-7f08d980c000 ---p 0000d000 fd:01 527232                     /usr/lib/jvm/java-8-oracle/jre/lib/amd64/libverify.so
7f08d980c000-7f08d980e000 rw-p 0000d000 fd:01 527232                     /usr/lib/jvm/java-8-oracle/jre/lib/amd64/libverify.so
7f08d980e000-7f08d9815000 r-xp 00000000 fd:01 10336                      /lib/x86_64-linux-gnu/librt-2.23.so
7f08d9815000-7f08d9a14000 ---p 00007000 fd:01 10336                      /lib/x86_64-linux-gnu/librt-2.23.so
7f08d9a14000-7f08d9a15000 r--p 00006000 fd:01 10336                      /lib/x86_64-linux-gnu/librt-2.23.so
7f08d9a15000-7f08d9a16000 rw-p 00007000 fd:01 10336                      /lib/x86_64-linux-gnu/librt-2.23.so
7f08d9a16000-7f08d9b1e000 r-xp 00000000 fd:01 10314                      /lib/x86_64-linux-gnu/libm-2.23.so
7f08d9b1e000-7f08d9d1d000 ---p 00108000 fd:01 10314                      /lib/x86_64-linux-gnu/libm-2.23.so
7f08d9d1d000-7f08d9d1e000 r--p 00107000 fd:01 10314                      /lib/x86_64-linux-gnu/libm-2.23.so
7f08d9d1e000-7f08d9d1f000 rw-p 00108000 fd:01 10314                      /lib/x86_64-linux-gnu/libm-2.23.so
7f08d9d1f000-7f08da9f2000 r-xp 00000000 fd:01 527285                     /usr/lib/jvm/java-8-oracle/jre/lib/amd64/server/libjvm.so
7f08da9f2000-7f08dabf1000 ---p 00cd3000 fd:01 527285                     /usr/lib/jvm/java-8-oracle/jre/lib/amd64/server/libjvm.so
7f08dabf1000-7f08daccb000 rw-p 00cd2000 fd:01 527285                     /usr/lib/jvm/java-8-oracle/jre/lib/amd64/server/libjvm.so
7f08daccb000-7f08dad16000 rw-p 00000000 00:00 0 
7f08dad16000-7f08daed6000 r-xp 00000000 fd:01 10318                      /lib/x86_64-linux-gnu/libc-2.23.so
7f08daed6000-7f08db0d6000 ---p 001c0000 fd:01 10318                      /lib/x86_64-linux-gnu/libc-2.23.so
7f08db0d6000-7f08db0da000 r--p 001c0000 fd:01 10318                      /lib/x86_64-linux-gnu/libc-2.23.so
7f08db0da000-7f08db0dc000 rw-p 001c4000 fd:01 10318                      /lib/x86_64-linux-gnu/libc-2.23.so
7f08db0dc000-7f08db0e0000 rw-p 00000000 00:00 0 
7f08db0e0000-7f08db0e3000 r-xp 00000000 fd:01 10320                      /lib/x86_64-linux-gnu/libdl-2.23.so
7f08db0e3000-7f08db2e2000 ---p 00003000 fd:01 10320                      /lib/x86_64-linux-gnu/libdl-2.23.so
7f08db2e2000-7f08db2e3000 r--p 00002000 fd:01 10320                      /lib/x86_64-linux-gnu/libdl-2.23.so
7f08db2e3000-7f08db2e4000 rw-p 00003000 fd:01 10320                      /lib/x86_64-linux-gnu/libdl-2.23.so
7f08db2e4000-7f08db2f9000 r-xp 00000000 fd:01 527270                     /usr/lib/jvm/java-8-oracle/jre/lib/amd64/jli/libjli.so
7f08db2f9000-7f08db4f9000 ---p 00015000 fd:01 527270                     /usr/lib/jvm/java-8-oracle/jre/lib/amd64/jli/libjli.so
7f08db4f9000-7f08db4fa000 rw-p 00015000 fd:01 527270                     /usr/lib/jvm/java-8-oracle/jre/lib/amd64/jli/libjli.so
7f08db4fa000-7f08db512000 r-xp 00000000 fd:01 10317                      /lib/x86_64-linux-gnu/libpthread-2.23.so
7f08db512000-7f08db711000 ---p 00018000 fd:01 10317                      /lib/x86_64-linux-gnu/libpthread-2.23.so
7f08db711000-7f08db712000 r--p 00017000 fd:01 10317                      /lib/x86_64-linux-gnu/libpthread-2.23.so
7f08db712000-7f08db713000 rw-p 00018000 fd:01 10317                      /lib/x86_64-linux-gnu/libpthread-2.23.so
7f08db713000-7f08db717000 rw-p 00000000 00:00 0 
7f08db717000-7f08db73d000 r-xp 00000000 fd:01 10316                      /lib/x86_64-linux-gnu/ld-2.23.so
7f08db73d000-7f08db743000 r--s 0003f000 fd:01 1052726                    /root/.m2/repository/ch/qos/logback/logback-classic/1.1.3/logback-classic-1.1.3.jar
7f08db743000-7f08db744000 r--s 00001000 fd:01 1299753                    /root/.m2/repository/org/clojure/tools.macro/0.1.5/tools.macro-0.1.5.jar
7f08db744000-7f08db745000 r--s 00010000 fd:01 1297977                    /root/.m2/repository/datascript/datascript/0.16.2/datascript-0.16.2.jar
7f08db745000-7f08db746000 r--s 00003000 fd:01 1299674                    /root/.m2/repository/org/clojure/java.jdbc/0.6.1/java.jdbc-0.6.1.jar
7f08db746000-7f08db748000 r--s 0000d000 fd:01 1299633                    /root/.m2/repository/org/clojure/core.async/0.3.443/core.async-0.3.443.jar
7f08db748000-7f08db74c000 r--s 0002f000 fd:01 1048284                    /root/.m2/repository/commons-io/commons-io/2.5/commons-io-2.5.jar
7f08db74c000-7f08db74d000 r--s 00001000 fd:01 1032564                    /root/.m2/repository/tigris/tigris/0.1.1/tigris-0.1.1.jar
7f08db74d000-7f08db74f000 r--s 0000c000 fd:01 1299761                    /root/.m2/repository/instaparse/instaparse/1.4.0/instaparse-1.4.0.jar
7f08db74f000-7f08db751000 r--s 00001000 fd:01 1817865                    /root/.m2/repository/dbprotocols/dbprotocols/0.1.21/dbprotocols-0.1.21.jar
7f08db751000-7f08db78e000 rw-p 00000000 00:00 0 
7f08db78e000-7f08db82b000 ---p 00000000 00:00 0 
7f08db82b000-7f08db82e000 ---p 00000000 00:00 0 
7f08db82e000-7f08db931000 rw-p 00000000 00:00 0 
7f08db931000-7f08db932000 r--s 00009000 fd:01 795126                     /root/.m2/repository/org/hornetq/hornetq-native/2.4.5.Final/hornetq-native-2.4.5.Final.jar
7f08db932000-7f08db93a000 rw-s 00000000 fd:01 3034                       /tmp/hsperfdata_root/25388
7f08db93a000-7f08db93b000 rw-p 00000000 00:00 0 
7f08db93b000-7f08db93c000 ---p 00000000 00:00 0 
7f08db93c000-7f08db93d000 r--p 00025000 fd:01 10316                      /lib/x86_64-linux-gnu/ld-2.23.so
7f08db93d000-7f08db93e000 rw-p 00026000 fd:01 10316                      /lib/x86_64-linux-gnu/ld-2.23.so
7f08db93e000-7f08db93f000 rw-p 00000000 00:00 0 
7ffe4c0de000-7ffe4c102000 rw-p 00000000 00:00 0                          [stack]
7ffe4c117000-7ffe4c11a000 r--p 00000000 00:00 0                          [vvar]
7ffe4c11a000-7ffe4c11c000 r-xp 00000000 00:00 0                          [vdso]
ffffffffff600000-ffffffffff601000 r-xp 00000000 00:00 0                  [vsyscall]

VM Arguments:
jvm_args: -Dfile.encoding=UTF-8 -XX:-OmitStackTraceInFastThrow -XX:+TieredCompilation -XX:TieredStopAtLevel=1 -XX:+UnlockExperimentalVMOptions -XX:+UseCGroupMemoryLimitForHeap -Dclojure.compile.path=/progs/muchiniwamback/target/default/classes -Dmuchiniwamback.version=0.1.2 -Dclojure.debug=false 
java_command: clojure.main -i /tmp/form-init5613153492252580474.clj
java_class_path (initial): /progs/muchiniwamback/test:/progs/muchiniwamback/src:/progs/muchiniwamback/dev-resources:/progs/muchiniwamback/resources:/progs/muchiniwamback/target/default/classes:/root/.m2/repository/dbprotocols/dbprotocols/0.1.21/dbprotocols-0.1.21.jar:/root/.m2/repository/instaparse/instaparse/1.4.0/instaparse-1.4.0.jar:/root/.m2/repository/org/hornetq/hornetq-native/2.4.5.Final/hornetq-native-2.4.5.Final.jar:/root/.m2/repository/tigris/tigris/0.1.1/tigris-0.1.1.jar:/root/.m2/repository/commons-io/commons-io/2.5/commons-io-2.5.jar:/root/.m2/repository/org/clojure/core.async/0.3.443/core.async-0.3.443.jar:/root/.m2/repository/org/clojure/java.jdbc/0.6.1/java.jdbc-0.6.1.jar:/root/.m2/repository/datascript/datascript/0.16.2/datascript-0.16.2.jar:/root/.m2/repository/org/clojure/tools.macro/0.1.5/tools.macro-0.1.5.jar:/root/.m2/repository/ch/qos/logback/logback-classic/1.1.3/logback-classic-1.1.3.jar:/root/.m2/repository/org/immutant/caching/2.1.8/caching-2.1.8.jar:/root/.m2/repository/ring/ring-anti-forgery/1.1.0/ring-anti-forgery-1.1.0.jar:/root/.m2/repository/prismatic/schema/0.4.0/schema-0.4.0.jar:/root/.m2/repository/org/hornetq/hornetq-commons/2.4.5.Final/hornetq-commons-2.4.5.Final.jar:/root/.m2/repository/io/undertow/undertow-core/1.3.23.Final/undertow-core-1.3.23.Final.jar:/root/.m2/repository/org/slf4j/slf4j-api/1.7.12/slf4j-api-1.7.12.jar:/root/.m2/repository/org/clojure/data.csv/0.1.3/data.csv-0.1.3.jar:/root/.m2/repository/ring/ring-codec/1.0.1/ring-codec-1.0.1.jar:/root/.m2/repository/ring/ring-headers/0.3.0/ring-headers-0.3.0.jar:/root/.m2/repository/ring/ring-core/1.6.2/ring-core-1.6.2.jar:/root/.m2/repository/org/projectodd/wunderboss/wunderboss-caching/0.13.1/wunderboss-caching-0.13.1.jar:/root/.m2/repository/com/stuartsierra/component/0.3.2/component-0.3.2.jar:/root/.m2/repository/org/immutant/messaging/2.1.8/messaging-2.1.8.jar:/root/.m2/repository/ring/ring-ssl/0.3.0/ring-ssl-0.3.0.jar:/root/.m2/repository/io/undertow/undertow-webs
Launcher Type: SUN_STANDARD

Environment Variables:
JAVA_HOME=/usr/lib/jvm/java-8-oracle
CLASSPATH=/root/.lein/self-installs/leiningen-2.8.0-standalone.jar
PATH=/usr/local/sbin:/usr/local/bin:/usr/sbin:/usr/bin:/sbin:/bin:/usr/games:/usr/local/games:/snap/bin:/usr/lib/jvm/java-8-oracle/bin:/usr/lib/jvm/java-8-oracle/db/bin:/usr/lib/jvm/java-8-oracle/jre/bin
SHELL=/bin/bash
DISPLAY=localhost:10.0

Signal Handlers:
SIGSEGV: [libjvm.so+0xacba10], sa_mask[0]=11111111011111111101111111111110, sa_flags=SA_RESTART|SA_SIGINFO
SIGBUS: [libjvm.so+0xacba10], sa_mask[0]=11111111011111111101111111111110, sa_flags=SA_RESTART|SA_SIGINFO
SIGFPE: [libjvm.so+0x924ba0], sa_mask[0]=11111111011111111101111111111110, sa_flags=SA_RESTART|SA_SIGINFO
SIGPIPE: [libjvm.so+0x924ba0], sa_mask[0]=11111111011111111101111111111110, sa_flags=SA_RESTART|SA_SIGINFO
SIGXFSZ: [libjvm.so+0x924ba0], sa_mask[0]=11111111011111111101111111111110, sa_flags=SA_RESTART|SA_SIGINFO
SIGILL: [libjvm.so+0x924ba0], sa_mask[0]=11111111011111111101111111111110, sa_flags=SA_RESTART|SA_SIGINFO
SIGUSR1: SIG_DFL, sa_mask[0]=00000000000000000000000000000000, sa_flags=none
SIGUSR2: [libjvm.so+0x9263e0], sa_mask[0]=00100000000000000000000000000000, sa_flags=SA_RESTART|SA_SIGINFO
SIGHUP: [libjvm.so+0x9277e0], sa_mask[0]=11111111011111111101111111111110, sa_flags=SA_RESTART|SA_SIGINFO
SIGINT: [libjvm.so+0x9277e0], sa_mask[0]=11111111011111111101111111111110, sa_flags=SA_RESTART|SA_SIGINFO
SIGTERM: [libjvm.so+0x9277e0], sa_mask[0]=11111111011111111101111111111110, sa_flags=SA_RESTART|SA_SIGINFO
SIGQUIT: [libjvm.so+0x9277e0], sa_mask[0]=11111111011111111101111111111110, sa_flags=SA_RESTART|SA_SIGINFO


---------------  S Y S T E M  ---------------

OS:DISTRIB_ID=Ubuntu
DISTRIB_RELEASE=16.04
DISTRIB_CODENAME=xenial
DISTRIB_DESCRIPTION="Ubuntu 16.04.3 LTS"

uname:Linux 4.4.0-130-generic #156-Ubuntu SMP Thu Jun 14 08:53:28 UTC 2018 x86_64
libc:glibc 2.23 NPTL 2.23 
rlimit: STACK 8192k, CORE 0k, NPROC 7927, NOFILE 1048576, AS infinity
load average:0.31 0.07 0.02

/proc/meminfo:
MemTotal:        2048076 kB
MemFree:           79960 kB
MemAvailable:      20516 kB
Buffers:            1232 kB
Cached:            46688 kB
SwapCached:            0 kB
Active:          1853968 kB
Inactive:          36316 kB
Active(anon):    1848472 kB
Inactive(anon):    30552 kB
Active(file):       5496 kB
Inactive(file):     5764 kB
Unevictable:        3652 kB
Mlocked:            3652 kB
SwapTotal:             0 kB
SwapFree:              0 kB
Dirty:               768 kB
Writeback:             0 kB
AnonPages:       1846232 kB
Mapped:            20848 kB
Shmem:             33992 kB
Slab:              38312 kB
SReclaimable:      20724 kB
SUnreclaim:        17588 kB
KernelStack:        5504 kB
PageTables:        12044 kB
NFS_Unstable:          0 kB
Bounce:                0 kB
WritebackTmp:          0 kB
CommitLimit:     1024036 kB
Committed_AS:    3317008 kB
VmallocTotal:   34359738367 kB
VmallocUsed:           0 kB
VmallocChunk:          0 kB
HardwareCorrupted:     0 kB
AnonHugePages:         0 kB
CmaTotal:              0 kB
CmaFree:               0 kB
HugePages_Total:       0
HugePages_Free:        0
HugePages_Rsvd:        0
HugePages_Surp:        0
Hugepagesize:       2048 kB
DirectMap4k:       59372 kB
DirectMap2M:     2037760 kB
DirectMap1G:           0 kB


CPU:total 2 (initial active 2) (1 cores per cpu, 1 threads per core) family 6 model 62 stepping 4, cmov, cx8, fxsr, mmx, sse, sse2, sse3, ssse3, sse4.1, sse4.2, popcnt, avx, aes, clmul, erms, tsc

/proc/cpuinfo:
processor	: 0
vendor_id	: GenuineIntel
cpu family	: 6
model		: 62
model name	: Intel(R) Xeon(R) CPU E5-2630L v2 @ 2.40GHz
stepping	: 4
microcode	: 0x1
cpu MHz		: 2399.998
cache size	: 15360 KB
physical id	: 0
siblings	: 1
core id		: 0
cpu cores	: 1
apicid		: 0
initial apicid	: 0
fpu		: yes
fpu_exception	: yes
cpuid level	: 13
wp		: yes
flags		: fpu vme de pse tsc msr pae mce cx8 apic sep mtrr pge mca cmov pat pse36 clflush mmx fxsr sse sse2 ss syscall nx pdpe1gb rdtscp lm constant_tsc arch_perfmon rep_good nopl eagerfpu pni pclmulqdq vmx ssse3 cx16 pcid sse4_1 sse4_2 x2apic popcnt tsc_deadline_timer aes xsave avx f16c rdrand hypervisor lahf_lm kaiser tpr_shadow vnmi flexpriority ept vpid fsgsbase tsc_adjust smep erms xsaveopt
bugs		: cpu_meltdown spectre_v1 spectre_v2 spec_store_bypass
bogomips	: 4799.99
clflush size	: 64
cache_alignment	: 64
address sizes	: 40 bits physical, 48 bits virtual
power management:

processor	: 1
vendor_id	: GenuineIntel
cpu family	: 6
model		: 62
model name	: Intel(R) Xeon(R) CPU E5-2630L v2 @ 2.40GHz
stepping	: 4
microcode	: 0x1
cpu MHz		: 2399.998
cache size	: 15360 KB
physical id	: 1
siblings	: 1
core id		: 0
cpu cores	: 1
apicid		: 1
initial apicid	: 1
fpu		: yes
fpu_exception	: yes
cpuid level	: 13
wp		: yes
flags		: fpu vme de pse tsc msr pae mce cx8 apic sep mtrr pge mca cmov pat pse36 clflush mmx fxsr sse sse2 ss syscall nx pdpe1gb rdtscp lm constant_tsc arch_perfmon rep_good nopl eagerfpu pni pclmulqdq vmx ssse3 cx16 pcid sse4_1 sse4_2 x2apic popcnt tsc_deadline_timer aes xsave avx f16c rdrand hypervisor lahf_lm kaiser tpr_shadow vnmi flexpriority ept vpid fsgsbase tsc_adjust smep erms xsaveopt
bugs		: cpu_meltdown spectre_v1 spectre_v2 spec_store_bypass
bogomips	: 4799.99
clflush size	: 64
cache_alignment	: 64
address sizes	: 40 bits physical, 48 bits virtual
power management:



Memory: 4k page, physical 2048076k(79836k free), swap 0k(0k free)

vm_info: Java HotSpot(TM) 64-Bit Server VM (25.144-b01) for linux-amd64 JRE (1.8.0_144-b01), built on Jul 21 2017 21:57:33 by "java_re" with gcc 4.3.0 20080428 (Red Hat 4.3.0-8)

time: Thu Sep  6 15:15:16 2018
elapsed time: 3 seconds (0d 0h 0m 3s)

